#
# A fatal error has been detected by the Java Runtime Environment:
#
#  EXCEPTION_ILLEGAL_INSTRUCTION (0xc000001d) at pc=0x009aa4ce, pid=2284, tid=2416
#
# JRE version: 6.0_16-b01
# Java VM: Java HotSpot(TM) Client VM (14.2-b01 mixed mode, sharing windows-x86 )
# Problematic frame:
# J  java.util.Arrays.copyOfRange([CII)[C
#
# If you would like to submit a bug report, please visit:
#   http://java.sun.com/webapps/bugreport/crash.jsp
#

---------------  T H R E A D  ---------------

Current thread (0x002b7000):  JavaThread "main" [_thread_in_Java, id=2416, stack(0x008c0000,0x00910000)]

siginfo: ExceptionCode=0xc000001d

Registers:
EAX=0x22a43350, EBX=0x0000003a, ECX=0x002b7000, EDX=0x2b78ed80
ESP=0x0090f980, EBP=0x0090f9d8, ESI=0x22a433d0, EDI=0x0000003a
EIP=0x009aa4ce, EFLAGS=0x00010293

Top of Stack: (sp=0x0090f980)
0x0090f980:   002b77c4 22a43220 0000000c 00000010
0x0090f990:   22a43250 00000046 22a432a0 0090f9c0
0x0090f9a0:   6d9d42fd 002b77c4 0090f9ec 22a432d0
0x0090f9b0:   22a432a0 00000000 0000003a 22a432d0
0x0090f9c0:   2ae3d3ac 00000050 0090f9f8 009a551d
0x0090f9d0:   2ae3d3ac 22a432d0 0090fa18 009aa004
0x0090f9e0:   0000003a 00000000 0090fa00 0090fa38
0x0090f9f0:   009a5fdc 00000046 22a43338 009a6008 

Instructions: (pc=0x009aa4ce)
0x009aa4be:   00 00 00 00 8b 49 f4 8b 41 34 8d 34 30 3b 71 3c
0x009aa4ce:   0f 07 76 02 00 00 89 71 34 2b f0 c7 00 01 00 00 


Stack: [0x008c0000,0x00910000],  sp=0x0090f980,  free space=318k
Native frames: (J=compiled Java code, j=interpreted, Vv=VM code, C=native code)
J  java.util.Arrays.copyOfRange([CII)[C
J  java.lang.String.<init>([CII)V
j  java.lang.StringBuilder.toString()Ljava/lang/String;+13
j  javax.xml.parsers.FactoryFinder.findJarServiceProvider(Ljava/lang/String;)Ljava/lang/Object;+16
j  javax.xml.parsers.FactoryFinder.find(Ljava/lang/String;Ljava/lang/String;)Ljava/lang/Object;+273
j  javax.xml.parsers.DocumentBuilderFactory.newInstance()Ljavax/xml/parsers/DocumentBuilderFactory;+4
j  org.apache.tools.ant.taskdefs.optional.junit.XMLJUnitResultFormatter.getDocumentBuilder()Ljavax/xml/parsers/DocumentBuilder;+0
j  org.apache.tools.ant.taskdefs.optional.junit.XMLJUnitResultFormatter.startTestSuite(Lorg/apache/tools/ant/taskdefs/optional/junit/JUnitTest;)V+1
j  org.apache.tools.ant.taskdefs.optional.junit.JUnitTestRunner.fireStartTestSuite()V+28
j  org.apache.tools.ant.taskdefs.optional.junit.JUnitTestRunner.run()V+325
j  org.apache.tools.ant.taskdefs.optional.junit.JUnitTestRunner.launch(Lorg/apache/tools/ant/taskdefs/optional/junit/JUnitTest;ZZZZZZ)I+39
j  org.apache.tools.ant.taskdefs.optional.junit.JUnitTestRunner.main([Ljava/lang/String;)V+741
v  ~StubRoutines::call_stub
V  [jvm.dll+0xecf9c]
V  [jvm.dll+0x1741e1]
V  [jvm.dll+0xed01d]
V  [jvm.dll+0xf5be5]
V  [jvm.dll+0xfd83d]
C  [java.exe+0x2155]
C  [java.exe+0x82ce]
C  [kernel32.dll+0xb729]


---------------  P R O C E S S  ---------------

Java Threads: ( => current thread )
  0x02ac9400 JavaThread "Low Memory Detector" daemon [_thread_blocked, id=2436, stack(0x02d40000,0x02d90000)]
  0x02ac3800 JavaThread "CompilerThread0" daemon [_thread_blocked, id=2388, stack(0x02cf0000,0x02d40000)]
  0x02ac2000 JavaThread "Attach Listener" daemon [_thread_blocked, id=1316, stack(0x02ca0000,0x02cf0000)]
  0x02ac0c00 JavaThread "Signal Dispatcher" daemon [_thread_blocked, id=1540, stack(0x02c50000,0x02ca0000)]
  0x02a81c00 JavaThread "Finalizer" daemon [_thread_blocked, id=1672, stack(0x02c00000,0x02c50000)]
  0x02a7d400 JavaThread "Reference Handler" daemon [_thread_blocked, id=3404, stack(0x02bb0000,0x02c00000)]
=>0x002b7000 JavaThread "main" [_thread_in_Java, id=2416, stack(0x008c0000,0x00910000)]

Other Threads:
  0x02a7b800 VMThread [stack: 0x02b60000,0x02bb0000] [id=3344]
  0x02ad3800 WatcherThread [stack: 0x02d90000,0x02de0000] [id=2536]

VM state:not at safepoint (normal execution)

VM Mutex/Monitor currently owned by a thread: None

Heap
 def new generation   total 960K, used 790K [0x22990000, 0x22a90000, 0x22e70000)
  eden space 896K,  81% used [0x22990000, 0x22a45838, 0x22a70000)
  from space 64K, 100% used [0x22a70000, 0x22a80000, 0x22a80000)
  to   space 64K,   0% used [0x22a80000, 0x22a80000, 0x22a90000)
 tenured generation   total 4096K, used 246K [0x22e70000, 0x23270000, 0x26990000)
   the space 4096K,   6% used [0x22e70000, 0x22eadac8, 0x22eadc00, 0x23270000)
 compacting perm gen  total 12288K, used 680K [0x26990000, 0x27590000, 0x2a990000)
   the space 12288K,   5% used [0x26990000, 0x26a3a3f0, 0x26a3a400, 0x27590000)
    ro space 8192K,  63% used [0x2a990000, 0x2aea9920, 0x2aea9a00, 0x2b190000)
    rw space 12288K,  53% used [0x2b190000, 0x2b804dd0, 0x2b804e00, 0x2bd90000)

Dynamic libraries:
0x00400000 - 0x00424000 	C:\Program Files\Java\jre6\bin\java.exe
0x7c900000 - 0x7c9b2000 	C:\windows\system32\ntdll.dll
0x7c800000 - 0x7c8f6000 	C:\windows\system32\kernel32.dll
0x77dd0000 - 0x77e6b000 	C:\windows\system32\ADVAPI32.dll
0x77e70000 - 0x77f02000 	C:\windows\system32\RPCRT4.dll
0x77fe0000 - 0x77ff1000 	C:\windows\system32\Secur32.dll
0x7c340000 - 0x7c396000 	C:\Program Files\Java\jre6\bin\msvcr71.dll
0x6d800000 - 0x6da8b000 	C:\Program Files\Java\jre6\bin\client\jvm.dll
0x7e410000 - 0x7e4a1000 	C:\windows\system32\USER32.dll
0x77f10000 - 0x77f59000 	C:\windows\system32\GDI32.dll
0x76b40000 - 0x76b6d000 	C:\windows\system32\WINMM.dll
0x76390000 - 0x763ad000 	C:\windows\system32\IMM32.DLL
0x629c0000 - 0x629c9000 	C:\windows\system32\LPK.DLL
0x74d90000 - 0x74dfb000 	C:\windows\system32\USP10.dll
0x6d7b0000 - 0x6d7bc000 	C:\Program Files\Java\jre6\bin\verify.dll
0x6d330000 - 0x6d34f000 	C:\Program Files\Java\jre6\bin\java.dll
0x6d290000 - 0x6d298000 	C:\Program Files\Java\jre6\bin\hpi.dll
0x76bf0000 - 0x76bfb000 	C:\windows\system32\PSAPI.DLL
0x6d7f0000 - 0x6d7ff000 	C:\Program Files\Java\jre6\bin\zip.dll

VM Arguments:
java_command: org.apache.tools.ant.taskdefs.optional.junit.JUnitTestRunner com.syncleus.tests.dann.graph.search.pathfinding.TestBellmanFordPathFinder filtertrace=true haltOnError=false haltOnFailure=false formatter=org.apache.tools.ant.taskdefs.optional.junit.SummaryJUnitResultFormatter showoutput=true outputtoformatters=true logtestlistenerevents=true formatter=org.apache.tools.ant.taskdefs.optional.junit.XMLJUnitResultFormatter,C:\Documents and Settings\Kory\Desktop\java_dann\build\coverage\tests\TEST-com.syncleus.tests.dann.graph.search.pathfinding.TestBellmanFordPathFinder.xml crashfile=C:\Documents and Settings\Kory\Desktop\java_dann\junitvmwatcher1032358316709435145.properties propsfile=C:\Documents and Settings\Kory\Desktop\java_dann\junit5294675396338771153.properties
Launcher Type: SUN_STANDARD

Environment Variables:
JAVA_HOME=C:\Program Files\Java\jdk1.6.0_16
CLASSPATH=.;C:\Program Files\QuickTime\QTSystem\QTJava.zip
PATH=C:/Program Files/Java/jre6/bin/client;C:/Program Files/Java/jre6/bin;C:\windows\system32;C:\windows;C:\windows\system32\wbem;C:\app\Kory\product\11.1.0\db_1\bin;C:\Program Files\Common Files\Adobe\AGL;C:\Program Files\QuickTime\QTSystem;C:\Program Files\Eclipse;C:\Program Files\PSPad editor;C:\Program Files\Java\jdk1.6.0_16\bin
USERNAME=Kory
OS=Windows_NT
PROCESSOR_IDENTIFIER=x86 Family 15 Model 35 Stepping 2, AuthenticAMD



---------------  S Y S T E M  ---------------

OS: Windows XP Build 2600 Service Pack 3

CPU:total 2 (2 cores per cpu, 1 threads per core) family 15 model 35 stepping 2, cmov, cx8, fxsr, mmx, sse, sse2, sse3, mmxext, 3dnow, 3dnowext

Memory: 4k page, physical 2096616k(1218800k free), swap 4034160k(3136724k free)

vm_info: Java HotSpot(TM) Client VM (14.2-b01) for windows-x86 JRE (1.6.0_16-b01), built on Jul 31 2009 11:26:58 by "java_re" with MS VC++ 7.1

time: Sun Apr 04 17:46:54 2010
elapsed time: 0 seconds

