#
# A fatal error has been detected by the Java Runtime Environment:
#
#  EXCEPTION_ACCESS_VIOLATION (0xc0000005) at pc=0x009a54d4, pid=2980, tid=3260
#
# JRE version: 6.0_16-b01
# Java VM: Java HotSpot(TM) Client VM (14.2-b01 mixed mode, sharing windows-x86 )
# Problematic frame:
# J  java.lang.String.getChars(II[CI)V
#
# If you would like to submit a bug report, please visit:
#   http://java.sun.com/webapps/bugreport/crash.jsp
#

---------------  T H R E A D  ---------------

Current thread (0x002b7000):  JavaThread "main" [_thread_in_Java, id=3260, stack(0x008c0000,0x00910000)]

siginfo: ExceptionCode=0xc0000005, writing address 0xe62513f3

Registers:
EAX=0xe62513f3, EBX=0x00000000, ECX=0x2add7940, EDX=0x00000000
ESP=0x0090e050, EBP=0x0090e078, ESI=0x00000000, EDI=0x00000004
EIP=0x009a54d4, EFLAGS=0x00010296

Top of Stack: (sp=0x0090e050)
0x0090e050:   00000054 002b7000 002b7000 000000bc
0x0090e060:   002b7000 0090e074 6d96c94d 00000054
0x0090e070:   002b7000 0090e094 0090e0c8 00922da1
0x0090e080:   00000004 22990418 00000000 2a9ab8c6
0x0090e090:   00922da1 00000000 22990418 00000004
0x0090e0a0:   00000000 2b7ca7b0 0090e0a8 2a9abfc2
0x0090e0b0:   0090e0dc 2b1bc1c8 00000000 2b1bcb88
0x0090e0c0:   0090e094 0090e0d8 0090e108 00922f07 

Instructions: (pc=0x009a54d4)
0x009a54c4:   00 00 00 85 d2 0f 8c cb 00 00 00 05 db 0f 8c c3
0x009a54d4:   00 00 00 85 ff 0f 8c bb 00 00 00 8d 34 3a 3b 71 


Stack: [0x008c0000,0x00910000],  sp=0x0090e050,  free space=312k
Native frames: (J=compiled Java code, j=interpreted, Vv=VM code, C=native code)
J  java.lang.String.getChars(II[CI)V
j  java.lang.AbstractStringBuilder.append(Ljava/lang/String;)Ljava/lang/AbstractStringBuilder;+50
j  java.lang.StringBuffer.append(Ljava/lang/String;)Ljava/lang/StringBuffer;+2
j  java.net.URLStreamHandler.toExternalForm(Ljava/net/URL;)Ljava/lang/String;+108
j  java.net.URL.toExternalForm()Ljava/lang/String;+5
j  java.net.URL.toString()Ljava/lang/String;+1
j  java.lang.ClassLoader.defineClassSourceLocation(Ljava/security/ProtectionDomain;)Ljava/lang/String;+22
j  java.lang.ClassLoader.defineClass(Ljava/lang/String;[BIILjava/security/ProtectionDomain;)Ljava/lang/Class;+19
j  java.security.SecureClassLoader.defineClass(Ljava/lang/String;[BIILjava/security/CodeSource;)Ljava/lang/Class;+27
j  java.net.URLClassLoader.defineClass(Ljava/lang/String;Lsun/misc/Resource;)Ljava/lang/Class;+253
j  java.net.URLClassLoader.access$000(Ljava/net/URLClassLoader;Ljava/lang/String;Lsun/misc/Resource;)Ljava/lang/Class;+3
j  java.net.URLClassLoader$1.run()Ljava/lang/Object;+43
v  ~StubRoutines::call_stub
V  [jvm.dll+0xecf9c]
V  [jvm.dll+0x1741e1]
V  [jvm.dll+0xed01d]
V  [jvm.dll+0x11c2bf]
C  [java.dll+0x1061]
j  java.net.URLClassLoader.findClass(Ljava/lang/String;)Ljava/lang/Class;+13
j  java.lang.ClassLoader.loadClass(Ljava/lang/String;Z)Ljava/lang/Class;+43
j  sun.misc.Launcher$AppClassLoader.loadClass(Ljava/lang/String;Z)Ljava/lang/Class;+41
j  java.lang.ClassLoader.loadClass(Ljava/lang/String;)Ljava/lang/Class;+3
j  java.lang.ClassLoader.loadClassInternal(Ljava/lang/String;)Ljava/lang/Class;+2
v  ~StubRoutines::call_stub
V  [jvm.dll+0xecf9c]
V  [jvm.dll+0x1741e1]
V  [jvm.dll+0xed34a]
V  [jvm.dll+0xed43a]
V  [jvm.dll+0x1b648b]
V  [jvm.dll+0x1b69ce]
V  [jvm.dll+0x1b6d85]
V  [jvm.dll+0x1b6dcb]
V  [jvm.dll+0x113433]
V  [jvm.dll+0x115388]
C  [verify.dll+0x15cc]
C  [verify.dll+0x1d5e]
C  [verify.dll+0x2c70]
C  [verify.dll+0x497d]
C  [verify.dll+0x4c28]
C  [verify.dll+0x4f34]
V  [jvm.dll+0x1dd081]
V  [jvm.dll+0x1e1afc]
V  [jvm.dll+0xdbcda]
V  [jvm.dll+0xdbaef]
V  [jvm.dll+0xdd03a]
V  [jvm.dll+0xdd8c4]
V  [jvm.dll+0xddc92]
V  [jvm.dll+0xe8a33]
j  org.junit.internal.builders.JUnit4Builder.runnerForClass(Ljava/lang/Class;)Lorg/junit/runner/Runner;+0
j  org.junit.runners.model.RunnerBuilder.safeRunnerForClass(Ljava/lang/Class;)Lorg/junit/runner/Runner;+2
j  org.junit.internal.builders.AllDefaultPossibilitiesBuilder.runnerForClass(Ljava/lang/Class;)Lorg/junit/runner/Runner;+73
j  org.junit.runners.model.RunnerBuilder.safeRunnerForClass(Ljava/lang/Class;)Lorg/junit/runner/Runner;+2
j  org.junit.internal.requests.ClassRequest.getRunner()Lorg/junit/runner/Runner;+15
j  junit.framework.JUnit4TestAdapter.<init>(Ljava/lang/Class;Ljunit/framework/JUnit4TestAdapterCache;)V+19
j  junit.framework.JUnit4TestAdapter.<init>(Ljava/lang/Class;)V+5
v  ~StubRoutines::call_stub
V  [jvm.dll+0xecf9c]
V  [jvm.dll+0x1741e1]
V  [jvm.dll+0xed01d]
V  [jvm.dll+0x18e66b]
V  [jvm.dll+0x18f018]
V  [jvm.dll+0x117d8b]
C  [java.dll+0x7163]
j  sun.reflect.NativeConstructorAccessorImpl.newInstance([Ljava/lang/Object;)Ljava/lang/Object;+72
j  sun.reflect.DelegatingConstructorAccessorImpl.newInstance([Ljava/lang/Object;)Ljava/lang/Object;+5
j  java.lang.reflect.Constructor.newInstance([Ljava/lang/Object;)Ljava/lang/Object;+92
j  org.apache.tools.ant.taskdefs.optional.junit.JUnitTestRunner.run()V+285
j  org.apache.tools.ant.taskdefs.optional.junit.JUnitTestRunner.launch(Lorg/apache/tools/ant/taskdefs/optional/junit/JUnitTest;ZZZZZZ)I+39
j  org.apache.tools.ant.taskdefs.optional.junit.JUnitTestRunner.main([Ljava/lang/String;)V+741
v  ~StubRoutines::call_stub
V  [jvm.dll+0xecf9c]
V  [jvm.dll+0x1741e1]
V  [jvm.dll+0xed01d]
V  [jvm.dll+0xf5be5]
V  [jvm.dll+0xfd83d]
C  [java.exe+0x2155]
C  [java.exe+0x82ce]
C  [kernel32.dll+0xb729]


---------------  P R O C E S S  ---------------

Java Threads: ( => current thread )
  0x02ac9c00 JavaThread "Low Memory Detector" daemon [_thread_blocked, id=2992, stack(0x02d40000,0x02d90000)]
  0x02ac3400 JavaThread "CompilerThread0" daemon [_thread_blocked, id=2976, stack(0x02cf0000,0x02d40000)]
  0x02ac2000 JavaThread "Attach Listener" daemon [_thread_blocked, id=3000, stack(0x02ca0000,0x02cf0000)]
  0x02ac0c00 JavaThread "Signal Dispatcher" daemon [_thread_blocked, id=3316, stack(0x02c50000,0x02ca0000)]
  0x02a7e800 JavaThread "Finalizer" daemon [_thread_blocked, id=2264, stack(0x02c00000,0x02c50000)]
  0x02a7d400 JavaThread "Reference Handler" daemon [_thread_blocked, id=1244, stack(0x02bb0000,0x02c00000)]
=>0x002b7000 JavaThread "main" [_thread_in_Java, id=3260, stack(0x008c0000,0x00910000)]

Other Threads:
  0x02a7b800 VMThread [stack: 0x02b60000,0x02bb0000] [id=3096]
  0x02add400 WatcherThread [stack: 0x02d90000,0x02de0000] [id=1248]

VM state:not at safepoint (normal execution)

VM Mutex/Monitor currently owned by a thread: None

Heap
 def new generation   total 960K, used 79K [0x22990000, 0x22a90000, 0x22e70000)
  eden space 896K,   1% used [0x22990000, 0x22993fa0, 0x22a70000)
  from space 64K, 100% used [0x22a70000, 0x22a80000, 0x22a80000)
  to   space 64K,   0% used [0x22a80000, 0x22a80000, 0x22a90000)
 tenured generation   total 4096K, used 238K [0x22e70000, 0x23270000, 0x26990000)
   the space 4096K,   5% used [0x22e70000, 0x22eab9e8, 0x22eaba00, 0x23270000)
 compacting perm gen  total 12288K, used 368K [0x26990000, 0x27590000, 0x2a990000)
   the space 12288K,   3% used [0x26990000, 0x269ec3c0, 0x269ec400, 0x27590000)
    ro space 8192K,  63% used [0x2a990000, 0x2aea9920, 0x2aea9a00, 0x2b190000)
    rw space 12288K,  53% used [0x2b190000, 0x2b804dd0, 0x2b804e00, 0x2bd90000)

Dynamic libraries:
0x00400000 - 0x00424000 	C:\Program Files\Java\jre6\bin\java.exe
0x7c900000 - 0x7c9b2000 	C:\windows\system32\ntdll.dll
0x7c800000 - 0x7c8f6000 	C:\windows\system32\kernel32.dll
0x77dd0000 - 0x77e6b000 	C:\windows\system32\ADVAPI32.dll
0x77e70000 - 0x77f02000 	C:\windows\system32\RPCRT4.dll
0x77fe0000 - 0x77ff1000 	C:\windows\system32\Secur32.dll
0x7c340000 - 0x7c396000 	C:\Program Files\Java\jre6\bin\msvcr71.dll
0x6d800000 - 0x6da8b000 	C:\Program Files\Java\jre6\bin\client\jvm.dll
0x7e410000 - 0x7e4a1000 	C:\windows\system32\USER32.dll
0x77f10000 - 0x77f59000 	C:\windows\system32\GDI32.dll
0x76b40000 - 0x76b6d000 	C:\windows\system32\WINMM.dll
0x76390000 - 0x763ad000 	C:\windows\system32\IMM32.DLL
0x629c0000 - 0x629c9000 	C:\windows\system32\LPK.DLL
0x74d90000 - 0x74dfb000 	C:\windows\system32\USP10.dll
0x6d7b0000 - 0x6d7bc000 	C:\Program Files\Java\jre6\bin\verify.dll
0x6d330000 - 0x6d34f000 	C:\Program Files\Java\jre6\bin\java.dll
0x6d290000 - 0x6d298000 	C:\Program Files\Java\jre6\bin\hpi.dll
0x76bf0000 - 0x76bfb000 	C:\windows\system32\PSAPI.DLL
0x6d7f0000 - 0x6d7ff000 	C:\Program Files\Java\jre6\bin\zip.dll

VM Arguments:
java_command: org.apache.tools.ant.taskdefs.optional.junit.JUnitTestRunner com.syncleus.tests.dann.genetics.TestMutableDouble filtertrace=true haltOnError=false haltOnFailure=false formatter=org.apache.tools.ant.taskdefs.optional.junit.SummaryJUnitResultFormatter showoutput=true outputtoformatters=true logtestlistenerevents=true formatter=org.apache.tools.ant.taskdefs.optional.junit.XMLJUnitResultFormatter,C:\Documents and Settings\Kory\Desktop\java_dann\build\coverage\tests\TEST-com.syncleus.tests.dann.genetics.TestMutableDouble.xml crashfile=C:\Documents and Settings\Kory\Desktop\java_dann\junitvmwatcher5711542295635753141.properties propsfile=C:\Documents and Settings\Kory\Desktop\java_dann\junit6726058967864649106.properties
Launcher Type: SUN_STANDARD

Environment Variables:
JAVA_HOME=C:\Program Files\Java\jdk1.6.0_16
CLASSPATH=.;C:\Program Files\QuickTime\QTSystem\QTJava.zip
PATH=C:/Program Files/Java/jre6/bin/client;C:/Program Files/Java/jre6/bin;C:\windows\system32;C:\windows;C:\windows\system32\wbem;C:\app\Kory\product\11.1.0\db_1\bin;C:\Program Files\Common Files\Adobe\AGL;C:\Program Files\QuickTime\QTSystem;C:\Program Files\Eclipse;C:\Program Files\PSPad editor;C:\Program Files\Java\jdk1.6.0_16\bin
USERNAME=Kory
OS=Windows_NT
PROCESSOR_IDENTIFIER=x86 Family 15 Model 35 Stepping 2, AuthenticAMD



---------------  S Y S T E M  ---------------

OS: Windows XP Build 2600 Service Pack 3

CPU:total 2 (2 cores per cpu, 1 threads per core) family 15 model 35 stepping 2, cmov, cx8, fxsr, mmx, sse, sse2, sse3, mmxext, 3dnow, 3dnowext

Memory: 4k page, physical 2096616k(1236964k free), swap 4034160k(3136356k free)

vm_info: Java HotSpot(TM) Client VM (14.2-b01) for windows-x86 JRE (1.6.0_16-b01), built on Jul 31 2009 11:26:58 by "java_re" with MS VC++ 7.1

time: Sun Apr 04 17:43:12 2010
elapsed time: 0 seconds

